2025-09-23 08:32 +08:00: [dotenv@17.2.2] injecting env (7) from .env -- tip: 📡 auto-backup env with Radar: https://dotenvx.com/radar
2025-09-23 08:32 +08:00: [dotenv@17.2.2] injecting env (0) from .env -- tip: 🔐 encrypt with Dotenvx: https://dotenvx.com
2025-09-23 08:32 +08:00: [dotenv@17.2.2] injecting env (0) from .env -- tip: 📡 auto-backup env with Radar: https://dotenvx.com/radar
2025-09-23 08:32 +08:00: Starting expired scholarship background job...
2025-09-23 08:32 +08:00: Server is running on port 3000
2025-09-23 08:32 +08:00: Socket.IO server initialized for real-time notifications
2025-09-23 08:32 +08:00: ✅ Database connected successfully
2025-09-23 08:32 +08:00: prisma:query BEGIN
2025-09-23 08:32 +08:00: prisma:query UPDATE "public"."Scholarship" SET "status" = CAST($1::text AS "public"."ScholarshipStatus"), "updatedAt" = $2 WHERE ("public"."Scholarship"."deadline" < $3 AND "public"."Scholarship"."status" = CAST($4::text AS "public"."ScholarshipStatus"))
2025-09-23 08:32 +08:00: prisma:query COMMIT
2025-09-23 08:32 +08:00: Updated 0 expired scholarships
2025-09-23 09:00 +08:00: Error: Cannot find module 'C:\Users\ivane\Desktop\Chat\backend\dist\index.js'
2025-09-23 09:00 +08:00:     at Function._resolveFilename (node:internal/modules/cjs/loader:1401:15)
2025-09-23 09:00 +08:00:     at defaultResolveImpl (node:internal/modules/cjs/loader:1057:19)
2025-09-23 09:00 +08:00:     at resolveForCJSWithHooks (node:internal/modules/cjs/loader:1062:22)
2025-09-23 09:00 +08:00:     at Function._load (node:internal/modules/cjs/loader:1211:37)
2025-09-23 09:00 +08:00:     at Object.<anonymous> (C:\Users\ivane\Desktop\Chat\backend\node_modules\pm2\lib\ProcessContainerFork.js:33:23)
2025-09-23 09:00 +08:00:     at Module._compile (node:internal/modules/cjs/loader:1730:14)
2025-09-23 09:00 +08:00:     at Object..js (node:internal/modules/cjs/loader:1895:10)
2025-09-23 09:00 +08:00:     at Module.load (node:internal/modules/cjs/loader:1465:32)
2025-09-23 09:00 +08:00:     at Function._load (node:internal/modules/cjs/loader:1282:12)
2025-09-23 09:00 +08:00:     at TracingChannel.traceSync (node:diagnostics_channel:322:14) {
2025-09-23 09:00 +08:00:   code: 'MODULE_NOT_FOUND',
2025-09-23 09:00 +08:00:   requireStack: []
2025-09-23 09:00 +08:00: }
2025-09-23 09:00 +08:00: Error: Cannot find module 'C:\Users\ivane\Desktop\Chat\backend\dist\index.js'
2025-09-23 09:00 +08:00:     at Function._resolveFilename (node:internal/modules/cjs/loader:1401:15)
2025-09-23 09:00 +08:00:     at defaultResolveImpl (node:internal/modules/cjs/loader:1057:19)
2025-09-23 09:00 +08:00:     at resolveForCJSWithHooks (node:internal/modules/cjs/loader:1062:22)
2025-09-23 09:00 +08:00:     at Function._load (node:internal/modules/cjs/loader:1211:37)
2025-09-23 09:00 +08:00:     at Object.<anonymous> (C:\Users\ivane\Desktop\Chat\backend\node_modules\pm2\lib\ProcessContainerFork.js:33:23)
2025-09-23 09:00 +08:00:     at Module._compile (node:internal/modules/cjs/loader:1730:14)
2025-09-23 09:00 +08:00:     at Object..js (node:internal/modules/cjs/loader:1895:10)
2025-09-23 09:00 +08:00:     at Module.load (node:internal/modules/cjs/loader:1465:32)
2025-09-23 09:00 +08:00:     at Function._load (node:internal/modules/cjs/loader:1282:12)
2025-09-23 09:00 +08:00:     at TracingChannel.traceSync (node:diagnostics_channel:322:14) {
2025-09-23 09:00 +08:00:   code: 'MODULE_NOT_FOUND',
2025-09-23 09:00 +08:00:   requireStack: []
2025-09-23 09:00 +08:00: }
2025-09-23 09:00 +08:00: Error: Cannot find module 'C:\Users\ivane\Desktop\Chat\backend\dist\index.js'
2025-09-23 09:00 +08:00:     at Function._resolveFilename (node:internal/modules/cjs/loader:1401:15)
2025-09-23 09:00 +08:00:     at defaultResolveImpl (node:internal/modules/cjs/loader:1057:19)
2025-09-23 09:00 +08:00:     at resolveForCJSWithHooks (node:internal/modules/cjs/loader:1062:22)
2025-09-23 09:00 +08:00:     at Function._load (node:internal/modules/cjs/loader:1211:37)
2025-09-23 09:00 +08:00:     at Object.<anonymous> (C:\Users\ivane\Desktop\Chat\backend\node_modules\pm2\lib\ProcessContainerFork.js:33:23)
2025-09-23 09:00 +08:00:     at Module._compile (node:internal/modules/cjs/loader:1730:14)
2025-09-23 09:00 +08:00:     at Object..js (node:internal/modules/cjs/loader:1895:10)
2025-09-23 09:00 +08:00:     at Module.load (node:internal/modules/cjs/loader:1465:32)
2025-09-23 09:00 +08:00:     at Function._load (node:internal/modules/cjs/loader:1282:12)
2025-09-23 09:00 +08:00:     at TracingChannel.traceSync (node:diagnostics_channel:322:14) {
2025-09-23 09:00 +08:00:   code: 'MODULE_NOT_FOUND',
2025-09-23 09:00 +08:00:   requireStack: []
2025-09-23 09:00 +08:00: }
2025-09-23 09:00 +08:00: Error: Cannot find module 'C:\Users\ivane\Desktop\Chat\backend\dist\index.js'
2025-09-23 09:00 +08:00:     at Function._resolveFilename (node:internal/modules/cjs/loader:1401:15)
2025-09-23 09:00 +08:00:     at defaultResolveImpl (node:internal/modules/cjs/loader:1057:19)
2025-09-23 09:00 +08:00:     at resolveForCJSWithHooks (node:internal/modules/cjs/loader:1062:22)
2025-09-23 09:00 +08:00:     at Function._load (node:internal/modules/cjs/loader:1211:37)
2025-09-23 09:00 +08:00:     at Object.<anonymous> (C:\Users\ivane\Desktop\Chat\backend\node_modules\pm2\lib\ProcessContainerFork.js:33:23)
2025-09-23 09:00 +08:00:     at Module._compile (node:internal/modules/cjs/loader:1730:14)
2025-09-23 09:00 +08:00:     at Object..js (node:internal/modules/cjs/loader:1895:10)
2025-09-23 09:00 +08:00:     at Module.load (node:internal/modules/cjs/loader:1465:32)
2025-09-23 09:00 +08:00:     at Function._load (node:internal/modules/cjs/loader:1282:12)
2025-09-23 09:00 +08:00:     at TracingChannel.traceSync (node:diagnostics_channel:322:14) {
2025-09-23 09:00 +08:00:   code: 'MODULE_NOT_FOUND',
2025-09-23 09:00 +08:00:   requireStack: []
2025-09-23 09:00 +08:00: }
2025-09-23 09:00 +08:00: Error: Cannot find module 'C:\Users\ivane\Desktop\Chat\backend\dist\index.js'
2025-09-23 09:00 +08:00:     at Function._resolveFilename (node:internal/modules/cjs/loader:1401:15)
2025-09-23 09:00 +08:00:     at defaultResolveImpl (node:internal/modules/cjs/loader:1057:19)
2025-09-23 09:00 +08:00:     at resolveForCJSWithHooks (node:internal/modules/cjs/loader:1062:22)
2025-09-23 09:00 +08:00:     at Function._load (node:internal/modules/cjs/loader:1211:37)
2025-09-23 09:00 +08:00:     at Object.<anonymous> (C:\Users\ivane\Desktop\Chat\backend\node_modules\pm2\lib\ProcessContainerFork.js:33:23)
2025-09-23 09:00 +08:00:     at Module._compile (node:internal/modules/cjs/loader:1730:14)
2025-09-23 09:00 +08:00:     at Object..js (node:internal/modules/cjs/loader:1895:10)
2025-09-23 09:00 +08:00:     at Module.load (node:internal/modules/cjs/loader:1465:32)
2025-09-23 09:00 +08:00:     at Function._load (node:internal/modules/cjs/loader:1282:12)
2025-09-23 09:00 +08:00:     at TracingChannel.traceSync (node:diagnostics_channel:322:14) {
2025-09-23 09:00 +08:00:   code: 'MODULE_NOT_FOUND',
2025-09-23 09:00 +08:00:   requireStack: []
2025-09-23 09:00 +08:00: }
